<?xml version="1.0" encoding="UTF-8"?>
<testng-results ignored="0" total="5" passed="5" failed="0" skipped="0">
  <reporter-output>
  </reporter-output>
  <suite started-at="2021-04-25T21:51:02 IST" name="Default suite" finished-at="2021-04-25T21:51:03 IST" duration-ms="243">
    <groups>
      <group name="regression">
        <method signature="TestNGDemo.maintest2()[pri:2, instance:Test.TestNGDemo@68567e20]" name="maintest2" class="Test.TestNGDemo"/>
      </group> <!-- regression -->
      <group name="smoke">
        <method signature="TestNGDemo.maintest1()[pri:1, instance:Test.TestNGDemo@68567e20]" name="maintest1" class="Test.TestNGDemo"/>
        <method signature="TestNGDemo.maintest5()[pri:5, instance:Test.TestNGDemo@68567e20]" name="maintest5" class="Test.TestNGDemo"/>
      </group> <!-- smoke -->
      <group name="sanity">
        <method signature="TestNGDemo.maintest4()[pri:4, instance:Test.TestNGDemo@68567e20]" name="maintest4" class="Test.TestNGDemo"/>
      </group> <!-- sanity -->
      <group name="retest">
        <method signature="TestNGDemo.maintest3()[pri:3, instance:Test.TestNGDemo@68567e20]" name="maintest3" class="Test.TestNGDemo"/>
      </group> <!-- retest -->
    </groups>
    <test started-at="2021-04-25T21:51:02 IST" name="Default test" finished-at="2021-04-25T21:51:03 IST" duration-ms="243">
      <class name="Test.TestNGDemo">
        <test-method is-config="true" signature="beforesuite()[pri:0, instance:Test.TestNGDemo@68567e20]" started-at="2021-04-25T21:51:02 IST" name="beforesuite" finished-at="2021-04-25T21:51:02 IST" duration-ms="25" status="PASS">
          <reporter-output>
          </reporter-output>
        </test-method> <!-- beforesuite -->
        <test-method is-config="true" signature="beforetest()[pri:0, instance:Test.TestNGDemo@68567e20]" started-at="2021-04-25T21:51:02 IST" name="beforetest" finished-at="2021-04-25T21:51:02 IST" duration-ms="1" status="PASS">
          <reporter-output>
          </reporter-output>
        </test-method> <!-- beforetest -->
        <test-method is-config="true" signature="beforeclass()[pri:0, instance:Test.TestNGDemo@68567e20]" started-at="2021-04-25T21:51:02 IST" name="beforeclass" finished-at="2021-04-25T21:51:02 IST" duration-ms="1" status="PASS">
          <reporter-output>
          </reporter-output>
        </test-method> <!-- beforeclass -->
        <test-method is-config="true" signature="beforemethod()[pri:0, instance:Test.TestNGDemo@68567e20]" started-at="2021-04-25T21:51:02 IST" name="beforemethod" finished-at="2021-04-25T21:51:02 IST" duration-ms="0" status="PASS">
          <reporter-output>
          </reporter-output>
        </test-method> <!-- beforemethod -->
        <test-method signature="maintest1()[pri:1, instance:Test.TestNGDemo@68567e20]" started-at="2021-04-25T21:51:02 IST" name="maintest1" finished-at="2021-04-25T21:51:02 IST" duration-ms="23" status="PASS">
          <reporter-output>
          </reporter-output>
        </test-method> <!-- maintest1 -->
        <test-method is-config="true" signature="aftermethod()[pri:0, instance:Test.TestNGDemo@68567e20]" started-at="2021-04-25T21:51:02 IST" name="aftermethod" finished-at="2021-04-25T21:51:02 IST" duration-ms="1" status="PASS">
          <reporter-output>
          </reporter-output>
        </test-method> <!-- aftermethod -->
        <test-method is-config="true" signature="beforemethod()[pri:0, instance:Test.TestNGDemo@68567e20]" started-at="2021-04-25T21:51:02 IST" name="beforemethod" finished-at="2021-04-25T21:51:02 IST" duration-ms="5" status="PASS">
          <reporter-output>
          </reporter-output>
        </test-method> <!-- beforemethod -->
        <test-method signature="maintest2()[pri:2, instance:Test.TestNGDemo@68567e20]" started-at="2021-04-25T21:51:02 IST" name="maintest2" finished-at="2021-04-25T21:51:02 IST" duration-ms="3" status="PASS">
          <reporter-output>
          </reporter-output>
        </test-method> <!-- maintest2 -->
        <test-method is-config="true" signature="aftermethod()[pri:0, instance:Test.TestNGDemo@68567e20]" started-at="2021-04-25T21:51:03 IST" name="aftermethod" finished-at="2021-04-25T21:51:03 IST" duration-ms="0" status="PASS">
          <reporter-output>
          </reporter-output>
        </test-method> <!-- aftermethod -->
        <test-method is-config="true" signature="beforemethod()[pri:0, instance:Test.TestNGDemo@68567e20]" started-at="2021-04-25T21:51:03 IST" name="beforemethod" finished-at="2021-04-25T21:51:03 IST" duration-ms="1" status="PASS">
          <reporter-output>
          </reporter-output>
        </test-method> <!-- beforemethod -->
        <test-method signature="maintest3()[pri:3, instance:Test.TestNGDemo@68567e20]" started-at="2021-04-25T21:51:03 IST" name="maintest3" finished-at="2021-04-25T21:51:03 IST" depends-on-methods="Test.TestNGDemo.maintest1" duration-ms="12" status="PASS">
          <reporter-output>
          </reporter-output>
        </test-method> <!-- maintest3 -->
        <test-method is-config="true" signature="aftermethod()[pri:0, instance:Test.TestNGDemo@68567e20]" started-at="2021-04-25T21:51:03 IST" name="aftermethod" finished-at="2021-04-25T21:51:03 IST" duration-ms="1" status="PASS">
          <reporter-output>
          </reporter-output>
        </test-method> <!-- aftermethod -->
        <test-method signature="maintest4()[pri:4, instance:Test.TestNGDemo@68567e20]" started-at="2021-04-25T21:51:03 IST" name="maintest4" finished-at="2021-04-25T21:51:03 IST" duration-ms="12" status="PASS">
          <reporter-output>
          </reporter-output>
        </test-method> <!-- maintest4 -->
        <test-method is-config="true" signature="beforemethod()[pri:0, instance:Test.TestNGDemo@68567e20]" started-at="2021-04-25T21:51:03 IST" name="beforemethod" finished-at="2021-04-25T21:51:03 IST" duration-ms="0" status="PASS">
          <reporter-output>
          </reporter-output>
        </test-method> <!-- beforemethod -->
        <test-method is-config="true" signature="aftermethod()[pri:0, instance:Test.TestNGDemo@68567e20]" started-at="2021-04-25T21:51:03 IST" name="aftermethod" finished-at="2021-04-25T21:51:03 IST" duration-ms="0" status="PASS">
          <reporter-output>
          </reporter-output>
        </test-method> <!-- aftermethod -->
        <test-method is-config="true" signature="beforemethod()[pri:0, instance:Test.TestNGDemo@68567e20]" started-at="2021-04-25T21:51:03 IST" name="beforemethod" finished-at="2021-04-25T21:51:03 IST" duration-ms="2" status="PASS">
          <reporter-output>
          </reporter-output>
        </test-method> <!-- beforemethod -->
        <test-method signature="maintest5()[pri:5, instance:Test.TestNGDemo@68567e20]" started-at="2021-04-25T21:51:03 IST" name="maintest5" finished-at="2021-04-25T21:51:03 IST" duration-ms="9" status="PASS">
          <reporter-output>
          </reporter-output>
        </test-method> <!-- maintest5 -->
        <test-method is-config="true" signature="aftermethod()[pri:0, instance:Test.TestNGDemo@68567e20]" started-at="2021-04-25T21:51:03 IST" name="aftermethod" finished-at="2021-04-25T21:51:03 IST" duration-ms="1" status="PASS">
          <reporter-output>
          </reporter-output>
        </test-method> <!-- aftermethod -->
        <test-method is-config="true" signature="aftertest()[pri:0, instance:Test.TestNGDemo@68567e20]" started-at="2021-04-25T21:51:03 IST" name="aftertest" finished-at="2021-04-25T21:51:03 IST" duration-ms="1" status="PASS">
          <reporter-output>
          </reporter-output>
        </test-method> <!-- aftertest -->
        <test-method is-config="true" signature="afterclass()[pri:0, instance:Test.TestNGDemo@68567e20]" started-at="2021-04-25T21:51:03 IST" name="afterclass" finished-at="2021-04-25T21:51:03 IST" duration-ms="0" status="PASS">
          <reporter-output>
          </reporter-output>
        </test-method> <!-- afterclass -->
        <test-method is-config="true" signature="aftersuite()[pri:0, instance:Test.TestNGDemo@68567e20]" started-at="2021-04-25T21:51:03 IST" name="aftersuite" finished-at="2021-04-25T21:51:03 IST" duration-ms="1" status="PASS">
          <reporter-output>
          </reporter-output>
        </test-method> <!-- aftersuite -->
      </class> <!-- Test.TestNGDemo -->
    </test> <!-- Default test -->
  </suite> <!-- Default suite -->
</testng-results>
