<?xml version="1.0" encoding="UTF-8"?>
<testng-results ignored="0" total="1" passed="1" failed="0" skipped="0">
  <reporter-output>
  </reporter-output>
  <suite started-at="2021-05-11T12:41:07 IST" name="Default suite" finished-at="2021-05-11T12:41:12 IST" duration-ms="4990">
    <groups>
    </groups>
    <test started-at="2021-05-11T12:41:07 IST" name="Default test" finished-at="2021-05-11T12:41:12 IST" duration-ms="4990">
      <class name="api.restapi">
        <test-method signature="restass()[pri:0, instance:api.restapi@1eb5174b]" started-at="2021-05-11T12:41:07 IST" name="restass" finished-at="2021-05-11T12:41:12 IST" duration-ms="4913" status="PASS">
          <reporter-output>
          </reporter-output>
        </test-method> <!-- restass -->
      </class> <!-- api.restapi -->
    </test> <!-- Default test -->
  </suite> <!-- Default suite -->
</testng-results>
