<?xml version="1.0" encoding="UTF-8"?>
<testng-results ignored="0" total="2" passed="2" failed="0" skipped="0">
  <reporter-output>
  </reporter-output>
  <suite started-at="2021-05-29T16:51:14 IST" name="Default suite" finished-at="2021-05-29T16:51:28 IST" duration-ms="14720">
    <groups>
    </groups>
    <test started-at="2021-05-29T16:51:14 IST" name="Default test" finished-at="2021-05-29T16:51:28 IST" duration-ms="14720">
      <class name="FormFill.Academy.FormFillTest">
        <test-method is-config="true" signature="initilizes()[pri:0, instance:FormFill.Academy.FormFillTest@434a63ab]" started-at="2021-05-29T16:51:14 IST" name="initilizes" finished-at="2021-05-29T16:51:25 IST" duration-ms="11010" status="PASS">
          <reporter-output>
          </reporter-output>
        </test-method> <!-- initilizes -->
        <test-method signature="testing(java.lang.String,java.lang.String,java.lang.String,java.lang.String,java.lang.String)[pri:0, instance:FormFill.Academy.FormFillTest@434a63ab]" started-at="2021-05-29T16:51:25 IST" name="testing" data-provider="getData1" finished-at="2021-05-29T16:51:27 IST" duration-ms="2226" status="PASS">
          <params>
            <param index="0">
              <value>
                <![CDATA[vijay]]>
              </value>
            </param>
            <param index="1">
              <value>
                <![CDATA[vijay111shetty]]>
              </value>
            </param>
            <param index="2">
              <value>
                <![CDATA[1234]]>
              </value>
            </param>
            <param index="3">
              <value>
                <![CDATA[Male]]>
              </value>
            </param>
            <param index="4">
              <value>
                <![CDATA[03101995]]>
              </value>
            </param>
          </params>
          <reporter-output>
          </reporter-output>
        </test-method> <!-- testing -->
        <test-method signature="testing(java.lang.String,java.lang.String,java.lang.String,java.lang.String,java.lang.String)[pri:0, instance:FormFill.Academy.FormFillTest@434a63ab]" started-at="2021-05-29T16:51:27 IST" name="testing" data-provider="getData1" finished-at="2021-05-29T16:51:28 IST" duration-ms="1162" status="PASS">
          <params>
            <param index="0">
              <value>
                <![CDATA[vinod]]>
              </value>
            </param>
            <param index="1">
              <value>
                <![CDATA[vinod111shetty]]>
              </value>
            </param>
            <param index="2">
              <value>
                <![CDATA[4321]]>
              </value>
            </param>
            <param index="3">
              <value>
                <![CDATA[Male]]>
              </value>
            </param>
            <param index="4">
              <value>
                <![CDATA[10031995]]>
              </value>
            </param>
          </params>
          <reporter-output>
          </reporter-output>
        </test-method> <!-- testing -->
        <test-method is-config="true" signature="closing()[pri:0, instance:FormFill.Academy.FormFillTest@434a63ab]" started-at="2021-05-29T16:51:28 IST" name="closing" finished-at="2021-05-29T16:51:28 IST" duration-ms="245" status="PASS">
          <reporter-output>
          </reporter-output>
        </test-method> <!-- closing -->
      </class> <!-- FormFill.Academy.FormFillTest -->
    </test> <!-- Default test -->
  </suite> <!-- Default suite -->
</testng-results>
