<?xml version="1.0" encoding="UTF-8"?>
<!-- Generated by org.testng.reporters.JUnitXMLReporter -->
<testsuite ignored="0" hostname="DESKTOP-U787I06" failures="0" tests="5" name="Default test" time="0.243" errors="0" timestamp="2021-04-25T21:51:03 IST">
  <testcase classname="Test.TestNGDemo" name="maintest1" time="0.023"/>
  <testcase classname="Test.TestNGDemo" name="maintest2" time="0.003"/>
  <testcase classname="Test.TestNGDemo" name="maintest3" time="0.012"/>
  <testcase classname="Test.TestNGDemo" name="maintest4" time="0.012"/>
  <testcase classname="Test.TestNGDemo" name="maintest5" time="0.009"/>
</testsuite> <!-- Default test -->
