<?xml version="1.0" encoding="UTF-8"?>
<!-- Generated by org.testng.reporters.JUnitXMLReporter -->
<testsuite ignored="1" hostname="DESKTOP-U787I06" failures="0" tests="2" name="abc" time="0.02" errors="0" timestamp="2021-04-09T11:48:49 IST">
  <testcase classname="Test.Day3" name="loan" time="0.004"/>
  <testcase classname="Test.Day3" name="work" time="0.002"/>
  <testcase classname="Test.Day3" name="accessvijay" time="0.0">
    <ignored/>
  </testcase> <!-- accessvijay -->
</testsuite> <!-- abc -->
