<?xml version="1.0" encoding="UTF-8"?>
<!-- Generated by org.testng.reporters.JUnitXMLReporter -->
<testsuite ignored="2" hostname="DESKTOP-U787I06" failures="0" tests="7" name="Test" time="0.143" errors="0" timestamp="2021-04-09T23:12:12 IST">
  <testcase classname="Test.Day1" name="Datareq" time="0.01"/>
  <testcase classname="Test.Day1" name="Datareq" time="0.002"/>
  <testcase classname="Test.Day1" name="Datareq" time="0.003"/>
  <testcase classname="Test.Day1" name="Demo" time="0.003"/>
  <testcase classname="Test.Day1" name="testcase2" time="0.005"/>
  <testcase classname="Test.Day2" name="testccc" time="0.002"/>
  <testcase classname="Test.Day3" name="accessvijay" time="0.004"/>
  <testcase classname="Test.Day3" name="loan" time="0.0">
    <ignored/>
  </testcase> <!-- loan -->
  <testcase classname="Test.Day3" name="work" time="0.0">
    <ignored/>
  </testcase> <!-- work -->
</testsuite> <!-- Test -->
