<?xml version="1.0" encoding="UTF-8"?>
<!-- Generated by org.testng.reporters.JUnitXMLReporter -->
<testsuite ignored="0" hostname="DESKTOP-U787I06" failures="0" tests="6" name="xyz" time="0.039" errors="0" timestamp="2021-04-09T11:48:49 IST">
  <testcase classname="Test.Day1" name="Demo" time="0.003"/>
  <testcase classname="Test.Day1" name="testcase2" time="0.002"/>
  <testcase classname="Test.Day2" name="testccc" time="0.004"/>
  <testcase classname="Test.Day3" name="accessvijay" time="0.002"/>
  <testcase classname="Test.Day3" name="loan" time="0.007"/>
  <testcase classname="Test.Day3" name="work" time="0.002"/>
</testsuite> <!-- xyz -->
